<?xml version="1.0" encoding="UTF-8"?>
<testng-results ignored="0" total="2" passed="2" failed="0" skipped="0">
  <reporter-output>
  </reporter-output>
  <suite started-at="2022-03-22T20:53:17 IST" name="com.simplilearn.FacebookTest" finished-at="2022-03-22T20:53:26 IST" duration-ms="8296">
    <groups>
    </groups>
    <test started-at="2022-03-22T20:53:17 IST" name="Command line test" finished-at="2022-03-22T20:53:26 IST" duration-ms="8296">
      <class name="com.simplilearn.FacebookTest">
        <test-method is-config="true" signature="beforeMethod()[pri:0, instance:com.simplilearn.FacebookTest@c730b35]" started-at="2022-03-22T20:53:17 IST" name="beforeMethod" finished-at="2022-03-22T20:53:17 IST" duration-ms="4" status="PASS">
          <reporter-output>
          </reporter-output>
        </test-method> <!-- beforeMethod -->
        <test-method signature="launchFB()[pri:0, instance:com.simplilearn.FacebookTest@c730b35]" started-at="2022-03-22T20:53:17 IST" name="launchFB" finished-at="2022-03-22T20:53:21 IST" duration-ms="4067" status="PASS">
          <reporter-output>
          </reporter-output>
        </test-method> <!-- launchFB -->
        <test-method is-config="true" signature="afterMethod()[pri:0, instance:com.simplilearn.FacebookTest@c730b35]" started-at="2022-03-22T20:53:21 IST" name="afterMethod" finished-at="2022-03-22T20:53:21 IST" duration-ms="0" status="PASS">
          <reporter-output>
          </reporter-output>
        </test-method> <!-- afterMethod -->
        <test-method is-config="true" signature="beforeMethod()[pri:0, instance:com.simplilearn.FacebookTest@c730b35]" started-at="2022-03-22T20:53:21 IST" name="beforeMethod" finished-at="2022-03-22T20:53:21 IST" duration-ms="0" status="PASS">
          <reporter-output>
          </reporter-output>
        </test-method> <!-- beforeMethod -->
        <test-method signature="testTitle()[pri:0, instance:com.simplilearn.FacebookTest@c730b35]" started-at="2022-03-22T20:53:21 IST" name="testTitle" finished-at="2022-03-22T20:53:26 IST" depends-on-methods="com.simplilearn.FacebookTest.launchFB" duration-ms="4195" status="PASS">
          <reporter-output>
          </reporter-output>
        </test-method> <!-- testTitle -->
        <test-method is-config="true" signature="afterMethod()[pri:0, instance:com.simplilearn.FacebookTest@c730b35]" started-at="2022-03-22T20:53:26 IST" name="afterMethod" finished-at="2022-03-22T20:53:26 IST" duration-ms="0" status="PASS">
          <reporter-output>
          </reporter-output>
        </test-method> <!-- afterMethod -->
      </class> <!-- com.simplilearn.FacebookTest -->
    </test> <!-- Command line test -->
  </suite> <!-- com.simplilearn.FacebookTest -->
</testng-results>
