<?xml version="1.0" encoding="UTF-8"?>
<testng-results ignored="0" total="2" passed="2" failed="0" skipped="0">
  <reporter-output>
  </reporter-output>
  <suite started-at="2022-03-17T22:03:51 IST" name="Default suite" finished-at="2022-03-17T22:04:06 IST" duration-ms="15001">
    <groups>
    </groups>
    <test started-at="2022-03-17T22:03:51 IST" name="Default test" finished-at="2022-03-17T22:04:06 IST" duration-ms="15001">
      <class name="com.simplilearn.testngselenium.AssersionsDemo">
        <test-method is-config="true" signature="beforeMethod()[pri:0, instance:com.simplilearn.testngselenium.AssersionsDemo@4f2b503c]" started-at="2022-03-17T22:03:51 IST" name="beforeMethod" finished-at="2022-03-17T22:03:53 IST" duration-ms="1682" status="PASS">
          <reporter-output>
          </reporter-output>
        </test-method> <!-- beforeMethod -->
        <test-method signature="login()[pri:0, instance:com.simplilearn.testngselenium.AssersionsDemo@4f2b503c]" started-at="2022-03-17T22:03:53 IST" name="login" finished-at="2022-03-17T22:03:59 IST" duration-ms="5960" status="PASS">
          <reporter-output>
          </reporter-output>
        </test-method> <!-- login -->
        <test-method is-config="true" signature="afterMethod()[pri:0, instance:com.simplilearn.testngselenium.AssersionsDemo@4f2b503c]" started-at="2022-03-17T22:03:59 IST" name="afterMethod" finished-at="2022-03-17T22:03:59 IST" duration-ms="1" status="PASS">
          <reporter-output>
          </reporter-output>
        </test-method> <!-- afterMethod -->
        <test-method is-config="true" signature="beforeMethod()[pri:0, instance:com.simplilearn.testngselenium.AssersionsDemo@4f2b503c]" started-at="2022-03-17T22:03:59 IST" name="beforeMethod" finished-at="2022-03-17T22:04:00 IST" duration-ms="1270" status="PASS">
          <reporter-output>
          </reporter-output>
        </test-method> <!-- beforeMethod -->
        <test-method signature="titleTest()[pri:0, instance:com.simplilearn.testngselenium.AssersionsDemo@4f2b503c]" started-at="2022-03-17T22:04:00 IST" name="titleTest" finished-at="2022-03-17T22:04:06 IST" duration-ms="6044" status="PASS">
          <reporter-output>
          </reporter-output>
        </test-method> <!-- titleTest -->
        <test-method is-config="true" signature="afterMethod()[pri:0, instance:com.simplilearn.testngselenium.AssersionsDemo@4f2b503c]" started-at="2022-03-17T22:04:06 IST" name="afterMethod" finished-at="2022-03-17T22:04:06 IST" duration-ms="0" status="PASS">
          <reporter-output>
          </reporter-output>
        </test-method> <!-- afterMethod -->
      </class> <!-- com.simplilearn.testngselenium.AssersionsDemo -->
    </test> <!-- Default test -->
  </suite> <!-- Default suite -->
</testng-results>
